Fri Jun 28 2024 13:02:35 GMT+0530 (India Standard Time) Error: failed to add expense.!
    at user.createNewExpense (C:\Users\vinya\Desktop\Capstone\Backend\service\user.js:39:17)
    at process.processTicksAndRejections (node:internal/process/task_queues:95:5)
    at async C:\Users\vinya\Desktop\Capstone\Backend\routing\routing.js:79:19
Fri Jun 28 2024 13:02:44 GMT+0530 (India Standard Time) Error: failed to add expense.!
    at user.createNewExpense (C:\Users\vinya\Desktop\Capstone\Backend\service\user.js:39:17)
    at process.processTicksAndRejections (node:internal/process/task_queues:95:5)
    at async C:\Users\vinya\Desktop\Capstone\Backend\routing\routing.js:79:19
Thu Sep 19 2024 22:08:09 GMT+0530 (India Standard Time) Error: Failed to fetch user details
    at user.fetchUserDetails (E:\Expanse\capstone\Backend\service\user.js:25:17)
    at process.processTicksAndRejections (node:internal/process/task_queues:95:5)
    at async E:\Expanse\capstone\Backend\routing\routing.js:34:17
Thu Sep 19 2024 22:08:15 GMT+0530 (India Standard Time) Error: Failed to fetch all expenses
    at user.getAllExpenses (E:\Expanse\capstone\Backend\service\user.js:53:17)
    at process.processTicksAndRejections (node:internal/process/task_queues:95:5)
    at async E:\Expanse\capstone\Backend\routing\routing.js:97:18
Thu Sep 19 2024 22:08:23 GMT+0530 (India Standard Time) Error: Failed to fetch the expense
    at user.getTotalAmountByCategory (E:\Expanse\capstone\Backend\service\user.js:109:17)
    at process.processTicksAndRejections (node:internal/process/task_queues:95:5)
    at async E:\Expanse\capstone\Backend\routing\routing.js:157:18
Thu Sep 19 2024 22:08:28 GMT+0530 (India Standard Time) Error: Failed to fetch user details
    at user.fetchUserDetails (E:\Expanse\capstone\Backend\service\user.js:25:17)
    at async E:\Expanse\capstone\Backend\routing\routing.js:34:17
Thu Sep 19 2024 22:08:31 GMT+0530 (India Standard Time) Error: Failed to fetch the expense
    at user.getTotalAmountByCategory (E:\Expanse\capstone\Backend\service\user.js:109:17)
    at process.processTicksAndRejections (node:internal/process/task_queues:95:5)
    at async E:\Expanse\capstone\Backend\routing\routing.js:157:18
