Fri Sep 20 2024 11:51:06 GMT+0530 (India Standard Time) GET /getAllUsers
Fri Sep 20 2024 11:51:07 GMT+0530 (India Standard Time) GET /getAllUsers
Fri Sep 20 2024 11:51:35 GMT+0530 (India Standard Time) GET /getAllUsers
Fri Sep 20 2024 11:51:41 GMT+0530 (India Standard Time) GET /getAllUsers
Fri Sep 20 2024 11:51:42 GMT+0530 (India Standard Time) GET /getAllUsers
Fri Sep 20 2024 11:54:52 GMT+0530 (India Standard Time) GET /getAllUsers
Fri Sep 20 2024 11:56:23 GMT+0530 (India Standard Time) POST /api/login
Fri Sep 20 2024 11:59:07 GMT+0530 (India Standard Time) GET /getAllUsers
Fri Sep 20 2024 11:59:23 GMT+0530 (India Standard Time) POST /api/signup
Fri Sep 20 2024 11:59:50 GMT+0530 (India Standard Time) POST /api/login
Fri Sep 20 2024 11:59:50 GMT+0530 (India Standard Time) GET /getAllExpenses
Fri Sep 20 2024 11:59:56 GMT+0530 (India Standard Time) GET /getAllExpenses
Fri Sep 20 2024 12:00:30 GMT+0530 (India Standard Time) POST /addExpenses
Fri Sep 20 2024 12:00:55 GMT+0530 (India Standard Time) GET /getAllExpenses
Fri Sep 20 2024 12:01:05 GMT+0530 (India Standard Time) GET /getAllExpenses
Fri Sep 20 2024 12:03:02 GMT+0530 (India Standard Time) GET /getAllExpenses
Fri Sep 20 2024 12:03:03 GMT+0530 (India Standard Time) GET /getAllExpenses
Fri Sep 20 2024 12:03:16 GMT+0530 (India Standard Time) GET /getAllExpenses
Fri Sep 20 2024 12:03:17 GMT+0530 (India Standard Time) GET /getAllExpenses
Fri Sep 20 2024 12:03:19 GMT+0530 (India Standard Time) GET /getAllExpenses
Fri Sep 20 2024 12:03:20 GMT+0530 (India Standard Time) GET /getAllExpenses
Fri Sep 20 2024 12:03:23 GMT+0530 (India Standard Time) GET /getAllExpenses
Fri Sep 20 2024 12:03:42 GMT+0530 (India Standard Time) POST /addExpenses
Fri Sep 20 2024 12:03:51 GMT+0530 (India Standard Time) GET /getAllExpenses
Fri Sep 20 2024 12:04:30 GMT+0530 (India Standard Time) GET /getAllExpenses
Fri Sep 20 2024 12:04:32 GMT+0530 (India Standard Time) GET /getAllExpenses
Fri Sep 20 2024 12:04:36 GMT+0530 (India Standard Time) GET /getAllExpenses
Fri Sep 20 2024 12:04:37 GMT+0530 (India Standard Time) GET /getAllExpenses
Fri Sep 20 2024 12:04:53 GMT+0530 (India Standard Time) GET /getAllExpenses
Fri Sep 20 2024 12:05:18 GMT+0530 (India Standard Time) GET /getAllExpenses
Fri Sep 20 2024 12:05:58 GMT+0530 (India Standard Time) GET /getAllExpenses
Fri Sep 20 2024 12:06:05 GMT+0530 (India Standard Time) GET /getAllExpenses
Fri Sep 20 2024 12:06:17 GMT+0530 (India Standard Time) GET /getAllExpenses
Fri Sep 20 2024 12:06:19 GMT+0530 (India Standard Time) GET /getAllExpenses
Fri Sep 20 2024 12:06:23 GMT+0530 (India Standard Time) GET /getAllExpenses
Fri Sep 20 2024 12:06:29 GMT+0530 (India Standard Time) GET /getAllExpenses
Fri Sep 20 2024 12:06:50 GMT+0530 (India Standard Time) GET /getAllExpenses
Fri Sep 20 2024 12:07:45 GMT+0530 (India Standard Time) GET /getTotalAmountByCatgeory
Fri Sep 20 2024 12:07:47 GMT+0530 (India Standard Time) GET /getTotalAmountByCatgeory
Fri Sep 20 2024 12:07:47 GMT+0530 (India Standard Time) GET /getTotalAmountByCatgeory
Fri Sep 20 2024 12:07:48 GMT+0530 (India Standard Time) GET /getTotalAmountByCatgeory
Fri Sep 20 2024 12:07:48 GMT+0530 (India Standard Time) GET /getTotalAmountByCatgeory
Fri Sep 20 2024 12:07:53 GMT+0530 (India Standard Time) GET /getTotalAmountByCatgeory
Fri Sep 20 2024 12:07:53 GMT+0530 (India Standard Time) GET /getTotalAmountByCatgeory
Mon Oct 07 2024 13:39:36 GMT+0530 (India Standard Time) POST /api/login
Mon Oct 07 2024 13:39:43 GMT+0530 (India Standard Time) POST /api/login
Mon Oct 07 2024 13:39:46 GMT+0530 (India Standard Time) POST /api/login
Mon Oct 07 2024 13:39:46 GMT+0530 (India Standard Time) POST /api/login
Mon Oct 07 2024 13:40:26 GMT+0530 (India Standard Time) POST /api/login
Mon Oct 07 2024 13:40:26 GMT+0530 (India Standard Time) GET /getAllExpenses
Mon Oct 07 2024 13:40:28 GMT+0530 (India Standard Time) GET /getAllExpenses
Mon Oct 07 2024 13:40:52 GMT+0530 (India Standard Time) GET /getAllExpenses
Mon Oct 07 2024 13:41:02 GMT+0530 (India Standard Time) POST /addExpenses
Mon Oct 07 2024 13:41:04 GMT+0530 (India Standard Time) GET /getAllExpenses
Mon Oct 07 2024 13:41:47 GMT+0530 (India Standard Time) GET /getAllExpenses
Mon Oct 07 2024 13:41:54 GMT+0530 (India Standard Time) GET /getAllExpenses
Mon Oct 07 2024 13:41:58 GMT+0530 (India Standard Time) GET /getExpenseById/5125
Mon Oct 07 2024 13:42:03 GMT+0530 (India Standard Time) GET /getExpenseById/9821
Mon Oct 07 2024 13:42:26 GMT+0530 (India Standard Time) PUT /updateExpense/9821
Mon Oct 07 2024 13:42:30 GMT+0530 (India Standard Time) GET /getAllExpenses
Mon Oct 07 2024 13:42:42 GMT+0530 (India Standard Time) GET /getTotalAmountByCatgeory
Mon Oct 07 2024 13:42:43 GMT+0530 (India Standard Time) GET /getTotalAmountByCatgeory
Mon Oct 07 2024 13:42:45 GMT+0530 (India Standard Time) GET /getTotalAmountByCatgeory
Mon Oct 07 2024 13:42:45 GMT+0530 (India Standard Time) GET /getTotalAmountByCatgeory
Mon Oct 07 2024 13:42:49 GMT+0530 (India Standard Time) GET /getAllExpenses
Mon Oct 07 2024 13:43:47 GMT+0530 (India Standard Time) POST /addExpenses
Mon Oct 07 2024 13:43:50 GMT+0530 (India Standard Time) GET /getAllExpenses
Mon Oct 07 2024 13:44:05 GMT+0530 (India Standard Time) GET /getTotalAmountByCatgeory
Mon Oct 07 2024 13:44:13 GMT+0530 (India Standard Time) GET /getAllExpenses
Mon Oct 07 2024 13:44:15 GMT+0530 (India Standard Time) GET /getAllExpenses
Mon Oct 07 2024 13:44:16 GMT+0530 (India Standard Time) GET /getExpenseById/7923
Mon Oct 07 2024 13:44:22 GMT+0530 (India Standard Time) PUT /updateExpense/7923
Mon Oct 07 2024 13:44:26 GMT+0530 (India Standard Time) GET /getAllExpenses
Mon Oct 07 2024 13:44:28 GMT+0530 (India Standard Time) GET /getTotalAmountByCatgeory
Mon Oct 07 2024 13:44:29 GMT+0530 (India Standard Time) GET /getTotalAmountByCatgeory
Mon Oct 07 2024 13:44:42 GMT+0530 (India Standard Time) GET /getAllExpenses
Mon Oct 07 2024 13:44:45 GMT+0530 (India Standard Time) GET /getExpenseById/6153
Mon Oct 07 2024 13:44:50 GMT+0530 (India Standard Time) PUT /updateExpense/6153
Mon Oct 07 2024 13:44:52 GMT+0530 (India Standard Time) GET /getAllExpenses
Mon Oct 07 2024 13:44:56 GMT+0530 (India Standard Time) GET /getTotalAmountByCatgeory
Mon Oct 07 2024 13:45:01 GMT+0530 (India Standard Time) GET /getTotalAmountByCatgeory
Mon Oct 07 2024 13:45:21 GMT+0530 (India Standard Time) GET /getTotalAmountByCatgeory
Mon Oct 07 2024 13:45:27 GMT+0530 (India Standard Time) GET /getTotalAmountByCatgeory
Mon Oct 07 2024 13:46:27 GMT+0530 (India Standard Time) GET /getTotalAmountByCatgeory
Mon Oct 07 2024 13:46:29 GMT+0530 (India Standard Time) GET /getTotalAmountByCatgeory
Mon Oct 07 2024 13:46:31 GMT+0530 (India Standard Time) GET /getTotalAmountByCatgeory
Mon Oct 07 2024 13:46:37 GMT+0530 (India Standard Time) GET /getTotalAmountByCatgeory
Mon Oct 07 2024 13:46:45 GMT+0530 (India Standard Time) GET /getTotalAmountByCatgeory
Mon Oct 07 2024 13:46:47 GMT+0530 (India Standard Time) GET /getTotalAmountByCatgeory
Mon Oct 07 2024 13:46:52 GMT+0530 (India Standard Time) GET /getTotalAmountByCatgeory
Mon Oct 07 2024 13:46:53 GMT+0530 (India Standard Time) GET /getTotalAmountByCatgeory
Mon Oct 07 2024 13:46:53 GMT+0530 (India Standard Time) GET /getTotalAmountByCatgeory
Mon Oct 07 2024 13:46:58 GMT+0530 (India Standard Time) GET /getTotalAmountByCatgeory
Mon Oct 07 2024 13:47:12 GMT+0530 (India Standard Time) GET /getTotalAmountByCatgeory
Mon Oct 07 2024 13:47:13 GMT+0530 (India Standard Time) GET /getTotalAmountByCatgeory
Mon Oct 07 2024 13:47:13 GMT+0530 (India Standard Time) GET /getTotalAmountByCatgeory
Mon Oct 07 2024 13:47:26 GMT+0530 (India Standard Time) GET /getTotalAmountByCatgeory
Mon Oct 07 2024 13:47:27 GMT+0530 (India Standard Time) GET /getTotalAmountByCatgeory
Mon Oct 07 2024 13:47:44 GMT+0530 (India Standard Time) GET /getTotalAmountByCatgeory
Mon Oct 07 2024 13:47:47 GMT+0530 (India Standard Time) GET /getTotalAmountByCatgeory
Mon Oct 07 2024 13:49:32 GMT+0530 (India Standard Time) GET /getTotalAmountByCatgeory
Mon Oct 07 2024 13:49:34 GMT+0530 (India Standard Time) GET /getTotalAmountByCatgeory
Mon Oct 07 2024 13:50:02 GMT+0530 (India Standard Time) GET /getAllExpenses
Mon Oct 07 2024 13:50:04 GMT+0530 (India Standard Time) DELETE /deleteExpense/6153
Mon Oct 07 2024 13:50:07 GMT+0530 (India Standard Time) GET /getAllExpenses
Mon Oct 07 2024 13:50:27 GMT+0530 (India Standard Time) GET /getAllExpenses
Mon Oct 07 2024 13:50:28 GMT+0530 (India Standard Time) GET /getAllExpenses
Mon Oct 07 2024 13:50:28 GMT+0530 (India Standard Time) DELETE /deleteExpense/9821
Mon Oct 07 2024 13:50:42 GMT+0530 (India Standard Time) GET /getAllExpenses
Mon Oct 07 2024 13:50:44 GMT+0530 (India Standard Time) GET /getAllExpenses
Mon Oct 07 2024 13:50:46 GMT+0530 (India Standard Time) GET /getAllExpenses
Mon Oct 07 2024 13:50:58 GMT+0530 (India Standard Time) POST /addExpenses
Mon Oct 07 2024 13:51:02 GMT+0530 (India Standard Time) GET /getAllExpenses
Mon Oct 07 2024 13:51:03 GMT+0530 (India Standard Time) DELETE /deleteExpense/1657
Mon Oct 07 2024 13:51:04 GMT+0530 (India Standard Time) GET /getAllExpenses
Mon Oct 07 2024 13:52:01 GMT+0530 (India Standard Time) GET /getAllExpenses
Mon Oct 07 2024 13:52:21 GMT+0530 (India Standard Time) GET /getAllExpenses
Mon Oct 07 2024 13:53:30 GMT+0530 (India Standard Time) GET /getAllExpenses
Mon Oct 07 2024 13:53:44 GMT+0530 (India Standard Time) GET /getAllExpenses
Mon Oct 07 2024 13:53:46 GMT+0530 (India Standard Time) GET /getAllExpenses
Mon Oct 07 2024 13:53:47 GMT+0530 (India Standard Time) GET /getAllExpenses
Mon Oct 07 2024 13:54:18 GMT+0530 (India Standard Time) GET /getAllExpenses
Mon Oct 07 2024 13:54:21 GMT+0530 (India Standard Time) GET /getAllExpenses
Mon Oct 07 2024 13:54:23 GMT+0530 (India Standard Time) GET /getAllExpenses
Mon Oct 07 2024 13:54:25 GMT+0530 (India Standard Time) GET /getAllExpenses
Mon Oct 07 2024 13:54:28 GMT+0530 (India Standard Time) GET /getAllExpenses
Mon Oct 07 2024 13:54:32 GMT+0530 (India Standard Time) GET /getAllExpenses
Mon Oct 07 2024 13:54:38 GMT+0530 (India Standard Time) GET /getAllExpenses
Mon Oct 07 2024 13:54:43 GMT+0530 (India Standard Time) GET /getAllExpenses
Mon Oct 07 2024 13:54:45 GMT+0530 (India Standard Time) GET /getAllExpenses
Mon Oct 07 2024 13:54:46 GMT+0530 (India Standard Time) GET /getAllExpenses
Mon Oct 07 2024 13:54:50 GMT+0530 (India Standard Time) GET /getAllExpenses
Mon Oct 07 2024 13:54:53 GMT+0530 (India Standard Time) GET /getAllExpenses
Mon Oct 07 2024 13:54:58 GMT+0530 (India Standard Time) GET /getAllExpenses
Mon Oct 07 2024 13:55:00 GMT+0530 (India Standard Time) GET /getAllExpenses
Mon Oct 07 2024 13:55:03 GMT+0530 (India Standard Time) GET /getAllExpenses
Mon Oct 07 2024 13:55:04 GMT+0530 (India Standard Time) GET /getAllExpenses
Mon Oct 07 2024 13:55:10 GMT+0530 (India Standard Time) GET /getAllExpenses
Mon Oct 07 2024 13:55:12 GMT+0530 (India Standard Time) GET /getAllExpenses
Mon Oct 07 2024 13:55:19 GMT+0530 (India Standard Time) GET /getAllExpenses
Mon Oct 07 2024 13:55:25 GMT+0530 (India Standard Time) GET /getAllExpenses
Mon Oct 07 2024 13:55:29 GMT+0530 (India Standard Time) GET /getAllExpenses
Mon Oct 07 2024 13:55:34 GMT+0530 (India Standard Time) GET /getAllExpenses
Mon Oct 07 2024 13:55:47 GMT+0530 (India Standard Time) GET /getAllExpenses
Mon Oct 07 2024 13:55:50 GMT+0530 (India Standard Time) GET /getAllExpenses
Mon Oct 07 2024 13:55:52 GMT+0530 (India Standard Time) GET /getAllExpenses
Mon Oct 07 2024 13:55:54 GMT+0530 (India Standard Time) GET /getAllExpenses
Mon Oct 07 2024 13:55:59 GMT+0530 (India Standard Time) GET /getAllExpenses
Mon Oct 07 2024 13:56:03 GMT+0530 (India Standard Time) GET /getAllExpenses
Mon Oct 07 2024 13:56:16 GMT+0530 (India Standard Time) POST /addExpenses
Mon Oct 07 2024 13:56:16 GMT+0530 (India Standard Time) GET /getAllExpenses
Mon Oct 07 2024 13:57:06 GMT+0530 (India Standard Time) GET /getAllExpenses
Mon Oct 07 2024 13:57:11 GMT+0530 (India Standard Time) DELETE /deleteExpense/7923
Mon Oct 07 2024 13:57:12 GMT+0530 (India Standard Time) GET /getAllExpenses
Mon Oct 07 2024 13:57:49 GMT+0530 (India Standard Time) GET /getAllExpenses
Mon Oct 07 2024 13:58:07 GMT+0530 (India Standard Time) GET /getAllExpenses
Mon Oct 07 2024 13:58:22 GMT+0530 (India Standard Time) GET /getAllExpenses
Mon Oct 07 2024 13:58:36 GMT+0530 (India Standard Time) GET /getAllExpenses
Mon Oct 07 2024 13:58:39 GMT+0530 (India Standard Time) GET /getAllExpenses
Mon Oct 07 2024 13:58:40 GMT+0530 (India Standard Time) GET /getAllExpenses
Mon Oct 07 2024 13:58:45 GMT+0530 (India Standard Time) GET /getAllExpenses
Mon Oct 07 2024 13:58:53 GMT+0530 (India Standard Time) GET /getAllExpenses
Mon Oct 07 2024 13:59:07 GMT+0530 (India Standard Time) GET /getAllExpenses
Mon Oct 07 2024 13:59:09 GMT+0530 (India Standard Time) GET /getAllExpenses
Mon Oct 07 2024 13:59:35 GMT+0530 (India Standard Time) POST /addExpenses
Mon Oct 07 2024 14:00:01 GMT+0530 (India Standard Time) GET /getAllExpenses
Mon Oct 07 2024 14:00:10 GMT+0530 (India Standard Time) GET /getAllExpenses
Mon Oct 07 2024 14:00:18 GMT+0530 (India Standard Time) GET /getAllExpenses
Mon Oct 07 2024 14:00:19 GMT+0530 (India Standard Time) GET /getAllExpenses
Mon Oct 07 2024 14:00:37 GMT+0530 (India Standard Time) GET /getAllExpenses
Mon Oct 07 2024 14:00:53 GMT+0530 (India Standard Time) GET /getAllExpenses
Mon Oct 07 2024 14:01:39 GMT+0530 (India Standard Time) GET /getAllExpenses
Mon Oct 07 2024 14:01:45 GMT+0530 (India Standard Time) GET /getAllExpenses
Mon Oct 07 2024 14:01:52 GMT+0530 (India Standard Time) GET /getAllExpenses
Mon Oct 07 2024 14:01:54 GMT+0530 (India Standard Time) GET /getAllExpenses
Mon Oct 07 2024 14:02:38 GMT+0530 (India Standard Time) GET /getAllExpenses
Mon Oct 07 2024 14:02:42 GMT+0530 (India Standard Time) GET /getAllExpenses
Mon Oct 07 2024 14:02:55 GMT+0530 (India Standard Time) GET /getAllExpenses
Mon Oct 07 2024 14:03:38 GMT+0530 (India Standard Time) GET /getAllExpenses
Mon Oct 07 2024 14:03:39 GMT+0530 (India Standard Time) GET /getAllExpenses
Mon Oct 07 2024 14:03:58 GMT+0530 (India Standard Time) POST /addExpenses
Mon Oct 07 2024 14:04:04 GMT+0530 (India Standard Time) GET /getAllExpenses
Mon Oct 07 2024 14:04:12 GMT+0530 (India Standard Time) GET /getAllExpenses
Mon Oct 07 2024 14:04:14 GMT+0530 (India Standard Time) GET /getAllExpenses
Mon Oct 07 2024 14:04:20 GMT+0530 (India Standard Time) GET /getAllExpenses
Mon Oct 07 2024 14:04:22 GMT+0530 (India Standard Time) GET /getExpenseById/5125
Mon Oct 07 2024 14:04:28 GMT+0530 (India Standard Time) GET /getAllExpenses
Mon Oct 07 2024 14:04:32 GMT+0530 (India Standard Time) GET /getExpenseById/8948
Mon Oct 07 2024 14:04:36 GMT+0530 (India Standard Time) PUT /updateExpense/8948
Mon Oct 07 2024 14:04:40 GMT+0530 (India Standard Time) GET /getAllExpenses
Mon Oct 07 2024 14:04:56 GMT+0530 (India Standard Time) POST /addExpenses
Mon Oct 07 2024 14:05:00 GMT+0530 (India Standard Time) GET /getAllExpenses
Mon Oct 07 2024 14:05:40 GMT+0530 (India Standard Time) GET /getAllExpenses
Mon Oct 07 2024 14:05:42 GMT+0530 (India Standard Time) GET /getAllExpenses
Mon Oct 07 2024 14:05:44 GMT+0530 (India Standard Time) GET /getAllExpenses
Mon Oct 07 2024 14:06:14 GMT+0530 (India Standard Time) GET /getAllExpenses
Mon Oct 07 2024 14:06:24 GMT+0530 (India Standard Time) GET /getAllExpenses
Mon Oct 07 2024 14:06:26 GMT+0530 (India Standard Time) GET /getAllExpenses
Mon Oct 07 2024 14:06:35 GMT+0530 (India Standard Time) GET /getAllExpenses
Mon Oct 07 2024 14:06:55 GMT+0530 (India Standard Time) GET /getAllExpenses
Mon Oct 07 2024 14:06:57 GMT+0530 (India Standard Time) GET /getAllExpenses
Mon Oct 07 2024 14:07:02 GMT+0530 (India Standard Time) GET /getTotalAmountByCatgeory
Mon Oct 07 2024 14:07:08 GMT+0530 (India Standard Time) GET /getAllExpenses
Mon Oct 07 2024 14:07:22 GMT+0530 (India Standard Time) GET /getAllExpenses
Mon Oct 07 2024 14:07:29 GMT+0530 (India Standard Time) GET /getAllExpenses
Mon Oct 07 2024 14:07:34 GMT+0530 (India Standard Time) GET /getAllExpenses
Mon Oct 07 2024 14:08:07 GMT+0530 (India Standard Time) GET /getAllExpenses
Mon Oct 07 2024 14:08:28 GMT+0530 (India Standard Time) GET /getTotalAmountByCatgeory
Mon Oct 07 2024 14:09:06 GMT+0530 (India Standard Time) GET /getTotalAmountByCatgeory
Mon Oct 07 2024 14:09:33 GMT+0530 (India Standard Time) GET /getTotalAmountByCatgeory
Mon Oct 07 2024 14:09:47 GMT+0530 (India Standard Time) GET /getTotalAmountByCatgeory
Mon Oct 07 2024 14:10:29 GMT+0530 (India Standard Time) GET /getTotalAmountByCatgeory
Mon Oct 07 2024 14:10:34 GMT+0530 (India Standard Time) GET /getTotalAmountByCatgeory
Mon Oct 07 2024 14:11:05 GMT+0530 (India Standard Time) GET /getTotalAmountByCatgeory
Mon Oct 07 2024 14:11:25 GMT+0530 (India Standard Time) GET /getTotalAmountByCatgeory
Mon Oct 07 2024 14:11:30 GMT+0530 (India Standard Time) GET /getTotalAmountByCatgeory
Mon Oct 07 2024 14:11:33 GMT+0530 (India Standard Time) GET /getTotalAmountByCatgeory
Mon Oct 07 2024 14:11:38 GMT+0530 (India Standard Time) GET /getTotalAmountByCatgeory
Mon Oct 07 2024 14:11:40 GMT+0530 (India Standard Time) GET /getTotalAmountByCatgeory
Mon Oct 07 2024 14:11:51 GMT+0530 (India Standard Time) GET /getTotalAmountByCatgeory
Mon Oct 07 2024 14:11:53 GMT+0530 (India Standard Time) GET /getTotalAmountByCatgeory
Mon Oct 07 2024 14:11:57 GMT+0530 (India Standard Time) GET /getTotalAmountByCatgeory
Mon Oct 07 2024 14:11:58 GMT+0530 (India Standard Time) GET /getTotalAmountByCatgeory
Mon Oct 07 2024 14:12:28 GMT+0530 (India Standard Time) GET /getTotalAmountByCatgeory
Mon Oct 07 2024 14:12:36 GMT+0530 (India Standard Time) GET /getTotalAmountByCatgeory
Mon Oct 07 2024 14:13:09 GMT+0530 (India Standard Time) GET /getTotalAmountByCatgeory
Mon Oct 07 2024 14:13:18 GMT+0530 (India Standard Time) GET /getTotalAmountByCatgeory
Mon Oct 07 2024 14:13:30 GMT+0530 (India Standard Time) GET /getTotalAmountByCatgeory
Mon Oct 07 2024 14:13:41 GMT+0530 (India Standard Time) GET /getTotalAmountByCatgeory
Mon Oct 07 2024 14:13:46 GMT+0530 (India Standard Time) GET /getTotalAmountByCatgeory
Mon Oct 07 2024 14:13:49 GMT+0530 (India Standard Time) GET /getTotalAmountByCatgeory
Mon Oct 07 2024 14:13:49 GMT+0530 (India Standard Time) GET /getTotalAmountByCatgeory
Mon Oct 07 2024 14:13:51 GMT+0530 (India Standard Time) GET /getTotalAmountByCatgeory
Mon Oct 07 2024 14:13:51 GMT+0530 (India Standard Time) GET /getTotalAmountByCatgeory
Mon Oct 07 2024 14:14:42 GMT+0530 (India Standard Time) GET /getTotalAmountByCatgeory
Mon Oct 07 2024 14:14:42 GMT+0530 (India Standard Time) GET /getTotalAmountByCatgeory
Mon Oct 07 2024 14:14:42 GMT+0530 (India Standard Time) GET /getTotalAmountByCatgeory
Mon Oct 07 2024 14:14:42 GMT+0530 (India Standard Time) GET /getTotalAmountByCatgeory
Mon Oct 07 2024 14:16:02 GMT+0530 (India Standard Time) GET /getTotalAmountByCatgeory
Mon Oct 07 2024 14:16:02 GMT+0530 (India Standard Time) GET /getTotalAmountByCatgeory
Mon Oct 07 2024 14:16:19 GMT+0530 (India Standard Time) GET /getTotalAmountByCatgeory
Mon Oct 07 2024 14:16:19 GMT+0530 (India Standard Time) GET /getTotalAmountByCatgeory
Mon Oct 07 2024 14:16:38 GMT+0530 (India Standard Time) GET /getTotalAmountByCatgeory
Mon Oct 07 2024 14:16:38 GMT+0530 (India Standard Time) GET /getTotalAmountByCatgeory
Mon Oct 07 2024 14:16:47 GMT+0530 (India Standard Time) GET /getTotalAmountByCatgeory
Mon Oct 07 2024 14:16:47 GMT+0530 (India Standard Time) GET /getTotalAmountByCatgeory
Mon Oct 07 2024 14:16:49 GMT+0530 (India Standard Time) GET /getTotalAmountByCatgeory
Mon Oct 07 2024 14:16:49 GMT+0530 (India Standard Time) GET /getTotalAmountByCatgeory
Mon Oct 07 2024 14:17:01 GMT+0530 (India Standard Time) GET /getTotalAmountByCatgeory
Mon Oct 07 2024 14:17:01 GMT+0530 (India Standard Time) GET /getTotalAmountByCatgeory
Mon Oct 07 2024 14:17:02 GMT+0530 (India Standard Time) GET /getTotalAmountByCatgeory
Mon Oct 07 2024 14:17:02 GMT+0530 (India Standard Time) GET /getTotalAmountByCatgeory
Mon Oct 07 2024 14:17:21 GMT+0530 (India Standard Time) GET /getTotalAmountByCatgeory
Mon Oct 07 2024 14:17:21 GMT+0530 (India Standard Time) GET /getTotalAmountByCatgeory
Mon Oct 07 2024 14:17:33 GMT+0530 (India Standard Time) GET /getTotalAmountByCatgeory
Mon Oct 07 2024 14:17:34 GMT+0530 (India Standard Time) GET /getTotalAmountByCatgeory
Mon Oct 07 2024 14:17:47 GMT+0530 (India Standard Time) GET /getTotalAmountByCatgeory
Mon Oct 07 2024 14:17:50 GMT+0530 (India Standard Time) GET /getTotalAmountByCatgeory
Mon Oct 07 2024 14:17:50 GMT+0530 (India Standard Time) GET /getTotalAmountByCatgeory
Mon Oct 07 2024 14:18:02 GMT+0530 (India Standard Time) GET /getTotalAmountByCatgeory
Mon Oct 07 2024 14:18:03 GMT+0530 (India Standard Time) GET /getTotalAmountByCatgeory
Mon Oct 07 2024 14:18:09 GMT+0530 (India Standard Time) GET /getTotalAmountByCatgeory
Mon Oct 07 2024 14:18:13 GMT+0530 (India Standard Time) GET /getAllExpenses
Mon Oct 07 2024 14:18:14 GMT+0530 (India Standard Time) GET /getTotalAmountByCatgeory
Mon Oct 07 2024 14:18:15 GMT+0530 (India Standard Time) GET /getTotalAmountByCatgeory
Mon Oct 07 2024 14:18:16 GMT+0530 (India Standard Time) GET /getAllExpenses
Mon Oct 07 2024 14:18:17 GMT+0530 (India Standard Time) GET /getAllExpenses
Mon Oct 07 2024 14:18:18 GMT+0530 (India Standard Time) GET /getTotalAmountByCatgeory
Mon Oct 07 2024 14:18:30 GMT+0530 (India Standard Time) GET /getTotalAmountByCatgeory
